14:49:12.171 INFO - Selenium build info: version: '3.0.1', revision: '1969d75'
14:49:12.172 INFO - Launching a standalone Selenium Server
2017-12-26 14:49:12.195:INFO::main: Logging initialized @364ms
14:49:12.264 INFO - Driver provider org.openqa.selenium.ie.InternetExplorerDriver registration is skipped:
 registration capabilities Capabilities [{ensureCleanSession=true, browserName=internet explorer, version=, platform=WINDOWS}] does not match the current platform MAC
14:49:12.264 INFO - Driver provider org.openqa.selenium.edge.EdgeDriver registration is skipped:
 registration capabilities Capabilities [{browserName=MicrosoftEdge, version=, platform=WINDOWS}] does not match the current platform MAC
14:49:12.265 INFO - Driver class not found: com.opera.core.systems.OperaDriver
14:49:12.265 INFO - Driver provider com.opera.core.systems.OperaDriver registration is skipped:
Unable to create new instances on this machine.
14:49:12.265 INFO - Driver class not found: com.opera.core.systems.OperaDriver
14:49:12.265 INFO - Driver provider com.opera.core.systems.OperaDriver is not registered
2017-12-26 14:49:12.309:INFO:osjs.Server:main: jetty-9.2.15.v20160210
2017-12-26 14:49:12.343:INFO:osjsh.ContextHandler:main: Started o.s.j.s.ServletContextHandler@6cc4c815{/,null,AVAILABLE}
2017-12-26 14:49:12.386:INFO:osjs.ServerConnector:main: Started ServerConnector@7823a2f9{HTTP/1.1}{0.0.0.0:4444}
2017-12-26 14:49:12.387:INFO:osjs.Server:main: Started @557ms
14:49:12.387 INFO - Selenium Server is up and running
14:49:12.638 INFO - SessionCleaner initialized with insideBrowserTimeout 0 and clientGoneTimeout 1800000 polling every 180000
14:49:12.676 INFO - Executing: [new session: Capabilities [{acceptSslCerts=true, marionette=false, name=Pc, browserName=chrome, javascriptEnabled=true, chromeOptions={args=[start-fullscreen]}, platform=ANY}]])
14:49:12.694 INFO - Creating a new session for Capabilities [{acceptSslCerts=true, marionette=false, name=Pc, browserName=chrome, javascriptEnabled=true, chromeOptions={args=[start-fullscreen]}, platform=ANY}]
Starting ChromeDriver 2.33.506106 (8a06c39c4582fbfbab6966dbb1c38a9173bfb1a2) on port 26601
Only local connections are allowed.
14:49:13.794 INFO - Attempting bi-dialect session, assuming Postel's Law holds true on the remote end
14:49:14.796 INFO - Detected dialect: OSS
14:49:14.839 INFO - Done: [new session: Capabilities [{acceptSslCerts=true, marionette=false, name=Pc, browserName=chrome, javascriptEnabled=true, chromeOptions={args=[start-fullscreen]}, platform=ANY}]]
14:49:14.871 INFO - Executing: [get: http://www.assos.com])
14:49:38.355 INFO - Done: [get: http://www.assos.com]
14:49:38.368 INFO - Executing: [find elements: By.cssSelector: div.row.header-main-nav-content a[data-hashtag="/men"]])
14:49:38.525 INFO - Done: [find elements: By.cssSelector: div.row.header-main-nav-content a[data-hashtag="/men"]]
14:49:38.541 INFO - Executing: [is displayed: 0 [[ChromeDriver: chrome on MAC (0dd5985164b0fd291a2eb2fa539e987d)] -> css selector: div.row.header-main-nav-content a[data-hashtag="/men"]]])
14:49:38.569 INFO - Done: [is displayed: 0 [[ChromeDriver: chrome on MAC (0dd5985164b0fd291a2eb2fa539e987d)] -> css selector: div.row.header-main-nav-content a[data-hashtag="/men"]]]
14:49:38.577 INFO - Executing: [find element: By.cssSelector: div.row.header-main-nav-content a[data-hashtag="/men"]])
14:49:38.594 INFO - Done: [find element: By.cssSelector: div.row.header-main-nav-content a[data-hashtag="/men"]]
14:49:38.599 INFO - Executing: [mousemove: 0 true])
14:49:38.646 INFO - Done: [mousemove: 0 true]
14:49:39.653 INFO - Executing: [find elements: By.cssSelector: li.open ul li li:nth-child(1) li:nth-child(1) > a])
14:49:39.674 INFO - Done: [find elements: By.cssSelector: li.open ul li li:nth-child(1) li:nth-child(1) > a]
14:49:39.687 INFO - Executing: [find element: By.cssSelector: li.open ul li li:nth-child(1) li:nth-child(1) > a:nth-child(2)])
14:49:39.703 INFO - Done: [find element: By.cssSelector: li.open ul li li:nth-child(1) li:nth-child(1) > a:nth-child(2)]
14:49:39.708 INFO - Executing: [get text: 1 [[ChromeDriver: chrome on MAC (0dd5985164b0fd291a2eb2fa539e987d)] -> css selector: li.open ul li li:nth-child(1) li:nth-child(1) > a]])
14:49:39.729 INFO - Done: [get text: 1 [[ChromeDriver: chrome on MAC (0dd5985164b0fd291a2eb2fa539e987d)] -> css selector: li.open ul li li:nth-child(1) li:nth-child(1) > a]]
14:49:39.734 INFO - Executing: [find element: By.cssSelector: li.open ul li li:nth-child(1) li:nth-child(1) > a:nth-child(2)])
14:49:39.745 INFO - Done: [find element: By.cssSelector: li.open ul li li:nth-child(1) li:nth-child(1) > a:nth-child(2)]
14:49:39.749 INFO - Executing: [click: 1 [[ChromeDriver: chrome on MAC (0dd5985164b0fd291a2eb2fa539e987d)] -> css selector: li.open ul li li:nth-child(1) li:nth-child(1) > a]])
14:49:39.850 INFO - Done: [click: 1 [[ChromeDriver: chrome on MAC (0dd5985164b0fd291a2eb2fa539e987d)] -> css selector: li.open ul li li:nth-child(1) li:nth-child(1) > a]]
14:49:49.856 INFO - Executing: [find element: By.cssSelector: #site-footer])
14:49:49.875 INFO - Done: [find element: By.cssSelector: #site-footer]
14:49:49.879 INFO - Executing: [get location in view: 4 [[ChromeDriver: chrome on MAC (0dd5985164b0fd291a2eb2fa539e987d)] -> css selector: #site-footer]])
14:49:49.907 INFO - Done: [get location in view: 4 [[ChromeDriver: chrome on MAC (0dd5985164b0fd291a2eb2fa539e987d)] -> css selector: #site-footer]]
14:49:49.916 INFO - Executing: [find element: By.cssSelector: p.hang-on-loading[style*="display"]])
14:49:49.937 INFO - Done: [find element: By.cssSelector: p.hang-on-loading[style*="display"]]
14:49:49.948 INFO - Executing: [find element: By.cssSelector: #site-footer])
14:49:49.962 INFO - Done: [find element: By.cssSelector: #site-footer]
14:49:49.967 INFO - Executing: [get location in view: 4 [[ChromeDriver: chrome on MAC (0dd5985164b0fd291a2eb2fa539e987d)] -> css selector: #site-footer]])
14:49:49.983 INFO - Done: [get location in view: 4 [[ChromeDriver: chrome on MAC (0dd5985164b0fd291a2eb2fa539e987d)] -> css selector: #site-footer]]
14:49:54.990 INFO - Executing: [find element: By.cssSelector: #site-footer])
14:49:55.001 INFO - Done: [find element: By.cssSelector: #site-footer]
14:49:55.005 INFO - Executing: [get location in view: 4 [[ChromeDriver: chrome on MAC (0dd5985164b0fd291a2eb2fa539e987d)] -> css selector: #site-footer]])
14:49:55.024 INFO - Done: [get location in view: 4 [[ChromeDriver: chrome on MAC (0dd5985164b0fd291a2eb2fa539e987d)] -> css selector: #site-footer]]
14:50:00.031 INFO - Executing: [find element: By.cssSelector: #site-footer])
14:50:00.042 INFO - Done: [find element: By.cssSelector: #site-footer]
14:50:00.046 INFO - Executing: [get location in view: 4 [[ChromeDriver: chrome on MAC (0dd5985164b0fd291a2eb2fa539e987d)] -> css selector: #site-footer]])
14:50:00.066 INFO - Done: [get location in view: 4 [[ChromeDriver: chrome on MAC (0dd5985164b0fd291a2eb2fa539e987d)] -> css selector: #site-footer]]
14:50:05.074 INFO - Executing: [find element: By.cssSelector: #site-footer])
14:50:05.085 INFO - Done: [find element: By.cssSelector: #site-footer]
14:50:05.090 INFO - Executing: [get location in view: 4 [[ChromeDriver: chrome on MAC (0dd5985164b0fd291a2eb2fa539e987d)] -> css selector: #site-footer]])
14:50:05.116 INFO - Done: [get location in view: 4 [[ChromeDriver: chrome on MAC (0dd5985164b0fd291a2eb2fa539e987d)] -> css selector: #site-footer]]
14:50:10.126 INFO - Executing: [find element: By.cssSelector: #site-footer])
14:50:10.137 INFO - Done: [find element: By.cssSelector: #site-footer]
14:50:10.141 INFO - Executing: [get location in view: 4 [[ChromeDriver: chrome on MAC (0dd5985164b0fd291a2eb2fa539e987d)] -> css selector: #site-footer]])
14:50:10.153 INFO - Done: [get location in view: 4 [[ChromeDriver: chrome on MAC (0dd5985164b0fd291a2eb2fa539e987d)] -> css selector: #site-footer]]
14:50:20.166 INFO - Executing: [execute script: var passedArgs = Array.prototype.slice.call(arguments,0); return function (selector) {
                        var noOfItems = document.querySelector('.facets-facet-browse-items').childElementCount;
                        // var noOfProd= document.querySelector(".facets-faceted-navigation-results").innerHTML;
                        return noOfItems;
                        // return noOfProd;

                    }.apply(window, passedArgs);, []])
14:50:20.176 INFO - Done: [execute script: var passedArgs = Array.prototype.slice.call(arguments,0); return function (selector) {
                        var noOfItems = document.querySelector('.facets-facet-browse-items').childElementCount;
                        // var noOfProd= document.querySelector(".facets-faceted-navigation-results").innerHTML;
                        return noOfItems;
                        // return noOfProd;

                    }.apply(window, passedArgs);, []]
14:50:25.183 INFO - Executing: [find element: By.cssSelector: #site-footer])
14:50:25.193 INFO - Done: [find element: By.cssSelector: #site-footer]
14:50:25.200 INFO - Executing: [get location in view: 4 [[ChromeDriver: chrome on MAC (0dd5985164b0fd291a2eb2fa539e987d)] -> css selector: #site-footer]])
14:50:25.211 INFO - Done: [get location in view: 4 [[ChromeDriver: chrome on MAC (0dd5985164b0fd291a2eb2fa539e987d)] -> css selector: #site-footer]]
14:50:25.215 INFO - Executing: [go back])
14:50:25.327 INFO - Done: [go back]
14:50:25.337 INFO - Executing: [find elements: By.cssSelector: div.row.header-main-nav-content a[data-hashtag="/men"]])
14:50:25.360 INFO - Done: [find elements: By.cssSelector: div.row.header-main-nav-content a[data-hashtag="/men"]]
14:50:25.364 INFO - Executing: [is displayed: 0 [[ChromeDriver: chrome on MAC (0dd5985164b0fd291a2eb2fa539e987d)] -> css selector: div.row.header-main-nav-content a[data-hashtag="/men"]]])
14:50:25.383 INFO - Done: [is displayed: 0 [[ChromeDriver: chrome on MAC (0dd5985164b0fd291a2eb2fa539e987d)] -> css selector: div.row.header-main-nav-content a[data-hashtag="/men"]]]
14:50:25.390 INFO - Executing: [find element: By.cssSelector: div.row.header-main-nav-content a[data-hashtag="/men"]])
14:50:26.048 INFO - Done: [find element: By.cssSelector: div.row.header-main-nav-content a[data-hashtag="/men"]]
14:50:26.054 INFO - Executing: [mousemove: 0 true])
14:50:26.085 INFO - Done: [mousemove: 0 true]
14:50:26.091 INFO - Executing: [find element: By.cssSelector: li.open ul li li:nth-child(1) li:nth-child(1) > a:nth-child(3)])
14:50:26.111 INFO - Done: [find element: By.cssSelector: li.open ul li li:nth-child(1) li:nth-child(1) > a:nth-child(3)]
14:50:26.115 INFO - Executing: [get text: 2 [[ChromeDriver: chrome on MAC (0dd5985164b0fd291a2eb2fa539e987d)] -> css selector: li.open ul li li:nth-child(1) li:nth-child(1) > a]])
14:50:26.137 INFO - Done: [get text: 2 [[ChromeDriver: chrome on MAC (0dd5985164b0fd291a2eb2fa539e987d)] -> css selector: li.open ul li li:nth-child(1) li:nth-child(1) > a]]
14:50:26.141 INFO - Executing: [find element: By.cssSelector: li.open ul li li:nth-child(1) li:nth-child(1) > a:nth-child(3)])
14:50:26.152 INFO - Done: [find element: By.cssSelector: li.open ul li li:nth-child(1) li:nth-child(1) > a:nth-child(3)]
14:50:26.156 INFO - Executing: [click: 2 [[ChromeDriver: chrome on MAC (0dd5985164b0fd291a2eb2fa539e987d)] -> css selector: li.open ul li li:nth-child(1) li:nth-child(1) > a]])
14:50:26.254 INFO - Done: [click: 2 [[ChromeDriver: chrome on MAC (0dd5985164b0fd291a2eb2fa539e987d)] -> css selector: li.open ul li li:nth-child(1) li:nth-child(1) > a]]
14:50:36.266 INFO - Executing: [find element: By.cssSelector: #site-footer])
14:50:36.279 INFO - Done: [find element: By.cssSelector: #site-footer]
14:50:36.282 INFO - Executing: [get location in view: 4 [[ChromeDriver: chrome on MAC (0dd5985164b0fd291a2eb2fa539e987d)] -> css selector: #site-footer]])
14:50:36.307 INFO - Done: [get location in view: 4 [[ChromeDriver: chrome on MAC (0dd5985164b0fd291a2eb2fa539e987d)] -> css selector: #site-footer]]
14:50:36.313 INFO - Executing: [find element: By.cssSelector: p.hang-on-loading[style*="display"]])
14:50:36.342 INFO - Done: [find element: By.cssSelector: p.hang-on-loading[style*="display"]]
14:50:36.351 INFO - Executing: [find element: By.cssSelector: #site-footer])
14:50:36.363 INFO - Done: [find element: By.cssSelector: #site-footer]
14:50:36.366 INFO - Executing: [get location in view: 4 [[ChromeDriver: chrome on MAC (0dd5985164b0fd291a2eb2fa539e987d)] -> css selector: #site-footer]])
14:50:36.382 INFO - Done: [get location in view: 4 [[ChromeDriver: chrome on MAC (0dd5985164b0fd291a2eb2fa539e987d)] -> css selector: #site-footer]]
14:50:41.390 INFO - Executing: [find element: By.cssSelector: #site-footer])
14:50:41.401 INFO - Done: [find element: By.cssSelector: #site-footer]
14:50:41.407 INFO - Executing: [get location in view: 4 [[ChromeDriver: chrome on MAC (0dd5985164b0fd291a2eb2fa539e987d)] -> css selector: #site-footer]])
14:50:41.425 INFO - Done: [get location in view: 4 [[ChromeDriver: chrome on MAC (0dd5985164b0fd291a2eb2fa539e987d)] -> css selector: #site-footer]]
14:50:46.435 INFO - Executing: [find element: By.cssSelector: #site-footer])
14:50:46.446 INFO - Done: [find element: By.cssSelector: #site-footer]
14:50:46.450 INFO - Executing: [get location in view: 4 [[ChromeDriver: chrome on MAC (0dd5985164b0fd291a2eb2fa539e987d)] -> css selector: #site-footer]])
14:50:46.461 INFO - Done: [get location in view: 4 [[ChromeDriver: chrome on MAC (0dd5985164b0fd291a2eb2fa539e987d)] -> css selector: #site-footer]]
14:50:51.468 INFO - Executing: [find element: By.cssSelector: #site-footer])
14:50:51.481 INFO - Done: [find element: By.cssSelector: #site-footer]
14:50:51.484 INFO - Executing: [get location in view: 4 [[ChromeDriver: chrome on MAC (0dd5985164b0fd291a2eb2fa539e987d)] -> css selector: #site-footer]])
14:50:51.496 INFO - Done: [get location in view: 4 [[ChromeDriver: chrome on MAC (0dd5985164b0fd291a2eb2fa539e987d)] -> css selector: #site-footer]]
14:50:56.502 INFO - Executing: [find element: By.cssSelector: #site-footer])
14:50:56.514 INFO - Done: [find element: By.cssSelector: #site-footer]
14:50:56.518 INFO - Executing: [get location in view: 4 [[ChromeDriver: chrome on MAC (0dd5985164b0fd291a2eb2fa539e987d)] -> css selector: #site-footer]])
14:50:56.529 INFO - Done: [get location in view: 4 [[ChromeDriver: chrome on MAC (0dd5985164b0fd291a2eb2fa539e987d)] -> css selector: #site-footer]]
14:51:06.535 INFO - Executing: [execute script: var passedArgs = Array.prototype.slice.call(arguments,0); return function (selector) {
                        var noOfItems = document.querySelector('.facets-facet-browse-items').childElementCount;
                        // var noOfProd= document.querySelector(".facets-faceted-navigation-results").innerHTML;
                        return noOfItems;
                        // return noOfProd;

                    }.apply(window, passedArgs);, []])
14:51:06.548 INFO - Done: [execute script: var passedArgs = Array.prototype.slice.call(arguments,0); return function (selector) {
                        var noOfItems = document.querySelector('.facets-facet-browse-items').childElementCount;
                        // var noOfProd= document.querySelector(".facets-faceted-navigation-results").innerHTML;
                        return noOfItems;
                        // return noOfProd;

                    }.apply(window, passedArgs);, []]
14:51:11.557 INFO - Executing: [find element: By.cssSelector: #site-footer])
14:51:11.568 INFO - Done: [find element: By.cssSelector: #site-footer]
14:51:11.571 INFO - Executing: [get location in view: 4 [[ChromeDriver: chrome on MAC (0dd5985164b0fd291a2eb2fa539e987d)] -> css selector: #site-footer]])
14:51:11.582 INFO - Done: [get location in view: 4 [[ChromeDriver: chrome on MAC (0dd5985164b0fd291a2eb2fa539e987d)] -> css selector: #site-footer]]
14:51:11.586 INFO - Executing: [go back])
14:51:11.660 INFO - Done: [go back]
14:51:11.667 INFO - Executing: [find elements: By.cssSelector: div.row.header-main-nav-content a[data-hashtag="/men"]])
14:51:12.450 INFO - Done: [find elements: By.cssSelector: div.row.header-main-nav-content a[data-hashtag="/men"]]
14:51:12.453 INFO - Executing: [is displayed: 0 [[ChromeDriver: chrome on MAC (0dd5985164b0fd291a2eb2fa539e987d)] -> css selector: div.row.header-main-nav-content a[data-hashtag="/men"]]])
14:51:12.469 INFO - Done: [is displayed: 0 [[ChromeDriver: chrome on MAC (0dd5985164b0fd291a2eb2fa539e987d)] -> css selector: div.row.header-main-nav-content a[data-hashtag="/men"]]]
14:51:12.475 INFO - Executing: [find element: By.cssSelector: div.row.header-main-nav-content a[data-hashtag="/men"]])
14:51:12.491 INFO - Done: [find element: By.cssSelector: div.row.header-main-nav-content a[data-hashtag="/men"]]
14:51:12.495 INFO - Executing: [mousemove: 0 true])
14:51:12.525 INFO - Done: [mousemove: 0 true]
14:51:12.530 INFO - Executing: [find element: By.cssSelector: li.open ul li li:nth-child(1) li:nth-child(1) > a:nth-child(4)])
14:51:12.563 INFO - Done: [find element: By.cssSelector: li.open ul li li:nth-child(1) li:nth-child(1) > a:nth-child(4)]
14:51:12.579 INFO - Executing: [get text: 3 [[ChromeDriver: chrome on MAC (0dd5985164b0fd291a2eb2fa539e987d)] -> css selector: li.open ul li li:nth-child(1) li:nth-child(1) > a]])
14:51:12.611 INFO - Done: [get text: 3 [[ChromeDriver: chrome on MAC (0dd5985164b0fd291a2eb2fa539e987d)] -> css selector: li.open ul li li:nth-child(1) li:nth-child(1) > a]]
14:51:12.617 INFO - Executing: [find element: By.cssSelector: li.open ul li li:nth-child(1) li:nth-child(1) > a:nth-child(4)])
14:51:12.631 INFO - Done: [find element: By.cssSelector: li.open ul li li:nth-child(1) li:nth-child(1) > a:nth-child(4)]
14:51:12.636 INFO - Executing: [click: 3 [[ChromeDriver: chrome on MAC (0dd5985164b0fd291a2eb2fa539e987d)] -> css selector: li.open ul li li:nth-child(1) li:nth-child(1) > a]])
14:51:12.792 INFO - Done: [click: 3 [[ChromeDriver: chrome on MAC (0dd5985164b0fd291a2eb2fa539e987d)] -> css selector: li.open ul li li:nth-child(1) li:nth-child(1) > a]]
14:51:22.802 INFO - Executing: [find element: By.cssSelector: #site-footer])
14:51:22.815 INFO - Done: [find element: By.cssSelector: #site-footer]
14:51:22.818 INFO - Executing: [get location in view: 4 [[ChromeDriver: chrome on MAC (0dd5985164b0fd291a2eb2fa539e987d)] -> css selector: #site-footer]])
14:51:22.836 INFO - Done: [get location in view: 4 [[ChromeDriver: chrome on MAC (0dd5985164b0fd291a2eb2fa539e987d)] -> css selector: #site-footer]]
14:51:22.842 INFO - Executing: [find element: By.cssSelector: p.hang-on-loading[style*="display"]])
14:51:22.874 INFO - Done: [find element: By.cssSelector: p.hang-on-loading[style*="display"]]
14:51:22.884 INFO - Executing: [find element: By.cssSelector: #site-footer])
14:51:22.895 INFO - Done: [find element: By.cssSelector: #site-footer]
14:51:22.898 INFO - Executing: [get location in view: 4 [[ChromeDriver: chrome on MAC (0dd5985164b0fd291a2eb2fa539e987d)] -> css selector: #site-footer]])
14:51:22.909 INFO - Done: [get location in view: 4 [[ChromeDriver: chrome on MAC (0dd5985164b0fd291a2eb2fa539e987d)] -> css selector: #site-footer]]
14:51:27.918 INFO - Executing: [find element: By.cssSelector: #site-footer])
14:51:27.929 INFO - Done: [find element: By.cssSelector: #site-footer]
14:51:27.933 INFO - Executing: [get location in view: 4 [[ChromeDriver: chrome on MAC (0dd5985164b0fd291a2eb2fa539e987d)] -> css selector: #site-footer]])
14:51:27.944 INFO - Done: [get location in view: 4 [[ChromeDriver: chrome on MAC (0dd5985164b0fd291a2eb2fa539e987d)] -> css selector: #site-footer]]
14:51:32.950 INFO - Executing: [find element: By.cssSelector: #site-footer])
14:51:32.961 INFO - Done: [find element: By.cssSelector: #site-footer]
14:51:32.964 INFO - Executing: [get location in view: 4 [[ChromeDriver: chrome on MAC (0dd5985164b0fd291a2eb2fa539e987d)] -> css selector: #site-footer]])
14:51:32.975 INFO - Done: [get location in view: 4 [[ChromeDriver: chrome on MAC (0dd5985164b0fd291a2eb2fa539e987d)] -> css selector: #site-footer]]
14:51:37.980 INFO - Executing: [find element: By.cssSelector: #site-footer])
14:51:37.993 INFO - Done: [find element: By.cssSelector: #site-footer]
14:51:37.997 INFO - Executing: [get location in view: 4 [[ChromeDriver: chrome on MAC (0dd5985164b0fd291a2eb2fa539e987d)] -> css selector: #site-footer]])
14:51:38.009 INFO - Done: [get location in view: 4 [[ChromeDriver: chrome on MAC (0dd5985164b0fd291a2eb2fa539e987d)] -> css selector: #site-footer]]
14:51:43.016 INFO - Executing: [find element: By.cssSelector: #site-footer])
14:51:43.027 INFO - Done: [find element: By.cssSelector: #site-footer]
14:51:43.030 INFO - Executing: [get location in view: 4 [[ChromeDriver: chrome on MAC (0dd5985164b0fd291a2eb2fa539e987d)] -> css selector: #site-footer]])
14:51:43.041 INFO - Done: [get location in view: 4 [[ChromeDriver: chrome on MAC (0dd5985164b0fd291a2eb2fa539e987d)] -> css selector: #site-footer]]
14:51:53.056 INFO - Executing: [execute script: var passedArgs = Array.prototype.slice.call(arguments,0); return function (selector) {
                        var noOfItems = document.querySelector('.facets-facet-browse-items').childElementCount;
                        // var noOfProd= document.querySelector(".facets-faceted-navigation-results").innerHTML;
                        return noOfItems;
                        // return noOfProd;

                    }.apply(window, passedArgs);, []])
14:51:53.066 INFO - Done: [execute script: var passedArgs = Array.prototype.slice.call(arguments,0); return function (selector) {
                        var noOfItems = document.querySelector('.facets-facet-browse-items').childElementCount;
                        // var noOfProd= document.querySelector(".facets-faceted-navigation-results").innerHTML;
                        return noOfItems;
                        // return noOfProd;

                    }.apply(window, passedArgs);, []]
14:51:58.071 INFO - Executing: [find element: By.cssSelector: #site-footer])
14:51:58.082 INFO - Done: [find element: By.cssSelector: #site-footer]
14:51:58.085 INFO - Executing: [get location in view: 4 [[ChromeDriver: chrome on MAC (0dd5985164b0fd291a2eb2fa539e987d)] -> css selector: #site-footer]])
14:51:58.096 INFO - Done: [get location in view: 4 [[ChromeDriver: chrome on MAC (0dd5985164b0fd291a2eb2fa539e987d)] -> css selector: #site-footer]]
14:51:58.099 INFO - Executing: [go back])
14:51:58.167 INFO - Done: [go back]
14:51:58.175 INFO - Executing: [find elements: By.cssSelector: div.row.header-main-nav-content a[data-hashtag="/men"]])
14:51:59.463 INFO - Done: [find elements: By.cssSelector: div.row.header-main-nav-content a[data-hashtag="/men"]]
14:51:59.466 INFO - Executing: [is displayed: 0 [[ChromeDriver: chrome on MAC (0dd5985164b0fd291a2eb2fa539e987d)] -> css selector: div.row.header-main-nav-content a[data-hashtag="/men"]]])
14:51:59.476 INFO - Done: [is displayed: 0 [[ChromeDriver: chrome on MAC (0dd5985164b0fd291a2eb2fa539e987d)] -> css selector: div.row.header-main-nav-content a[data-hashtag="/men"]]]
14:51:59.481 INFO - Executing: [find element: By.cssSelector: div.row.header-main-nav-content a[data-hashtag="/men"]])
14:51:59.490 INFO - Done: [find element: By.cssSelector: div.row.header-main-nav-content a[data-hashtag="/men"]]
14:51:59.494 INFO - Executing: [mousemove: 0 true])
14:51:59.516 INFO - Done: [mousemove: 0 true]
14:51:59.521 INFO - Executing: [delete session: 63757cce-142e-4947-a781-c59b80a0e6fb])
14:52:00.043 INFO - Done: [delete session: 63757cce-142e-4947-a781-c59b80a0e6fb]
